Release 14.7 - xst P.20131013 (nt64)
Copyright (c) 1995-2013 Xilinx, Inc.  All rights reserved.
--> Parameter TMPDIR set to xst/projnav.tmp


Total REAL time to Xst completion: 1.00 secs
Total CPU time to Xst completion: 0.24 secs
 
--> Parameter xsthdpdir set to xst


Total REAL time to Xst completion: 1.00 secs
Total CPU time to Xst completion: 0.24 secs
 
--> Reading design: top.prj

TABLE OF CONTENTS
  1) Synthesis Options Summary
  2) HDL Compilation
  3) Design Hierarchy Analysis
  4) HDL Analysis
  5) HDL Synthesis
     5.1) HDL Synthesis Report
  6) Advanced HDL Synthesis
     6.1) Advanced HDL Synthesis Report
  7) Low Level Synthesis
  8) Partition Report
  9) Final Report
	9.1) Device utilization summary
	9.2) Partition Resource Summary
	9.3) TIMING REPORT


=========================================================================
*                      Synthesis Options Summary                        *
=========================================================================
---- Source Parameters
Input File Name                    : "top.prj"
Input Format                       : mixed
Ignore Synthesis Constraint File   : NO

---- Target Parameters
Output File Name                   : "top"
Output Format                      : NGC
Target Device                      : xc3s500e-4-fg320

---- Source Options
Top Module Name                    : top
Automatic FSM Extraction           : YES
FSM Encoding Algorithm             : Auto
Safe Implementation                : No
FSM Style                          : LUT
RAM Extraction                     : Yes
RAM Style                          : Auto
ROM Extraction                     : Yes
Mux Style                          : Auto
Decoder Extraction                 : YES
Priority Encoder Extraction        : Yes
Shift Register Extraction          : YES
Logical Shifter Extraction         : YES
XOR Collapsing                     : YES
ROM Style                          : Auto
Mux Extraction                     : Yes
Resource Sharing                   : YES
Asynchronous To Synchronous        : NO
Multiplier Style                   : Auto
Automatic Register Balancing       : No

---- Target Options
Add IO Buffers                     : YES
Global Maximum Fanout              : 500
Add Generic Clock Buffer(BUFG)     : 24
Register Duplication               : YES
Slice Packing                      : YES
Optimize Instantiated Primitives   : NO
Use Clock Enable                   : Yes
Use Synchronous Set                : Yes
Use Synchronous Reset              : Yes
Pack IO Registers into IOBs        : Auto
Equivalent register Removal        : YES

---- General Options
Optimization Goal                  : Speed
Optimization Effort                : 1
Keep Hierarchy                     : No
Netlist Hierarchy                  : As_Optimized
RTL Output                         : Yes
Global Optimization                : AllClockNets
Read Cores                         : YES
Write Timing Constraints           : NO
Cross Clock Analysis               : NO
Hierarchy Separator                : /
Bus Delimiter                      : <>
Case Specifier                     : Maintain
Slice Utilization Ratio            : 100
BRAM Utilization Ratio             : 100
Verilog 2001                       : YES
Auto BRAM Packing                  : NO
Slice Utilization Ratio Delta      : 5

=========================================================================


=========================================================================
*                          HDL Compilation                              *
=========================================================================
Compiling vhdl file "C:/Users/Serefcan/Desktop/Seref/FPGA_Codes/SequentialLogicExample/top.vhd" in Library work.
Entity <top> compiled.
Entity <top> (Architecture <behavioral>) compiled.

=========================================================================
*                     Design Hierarchy Analysis                         *
=========================================================================
Analyzing hierarchy for entity <top> in library <work> (architecture <behavioral>) with generics.
	c_clkfreq = 50000000


=========================================================================
*                            HDL Analysis                               *
=========================================================================
Analyzing generic Entity <top> in library <work> (Architecture <behavioral>).
	c_clkfreq = 50000000
Entity <top> analyzed. Unit <top> generated.


=========================================================================
*                           HDL Synthesis                               *
=========================================================================

Performing bidirectional port resolution...

Synthesizing Unit <top>.
    Related source file is "C:/Users/Serefcan/Desktop/Seref/FPGA_Codes/SequentialLogicExample/top.vhd".
    Found 4x27-bit ROM for signal <timerlim>.
    Found 8-bit up counter for signal <counter_int>.
    Found 27-bit subtractor for signal <counter_int$addsub0000> created at line 37.
    Found 27-bit comparator greatequal for signal <counter_int$cmp_ge0000> created at line 37.
    Found 27-bit up counter for signal <timer>.
    Summary:
	inferred   1 ROM(s).
	inferred   2 Counter(s).
	inferred   1 Adder/Subtractor(s).
	inferred   1 Comparator(s).
Unit <top> synthesized.


=========================================================================
HDL Synthesis Report

Macro Statistics
# ROMs                                                 : 1
 4x27-bit ROM                                          : 1
# Adders/Subtractors                                   : 1
 27-bit subtractor                                     : 1
# Counters                                             : 2
 27-bit up counter                                     : 1
 8-bit up counter                                      : 1
# Comparators                                          : 1
 27-bit comparator greatequal                          : 1

=========================================================================

=========================================================================
*                       Advanced HDL Synthesis                          *
=========================================================================


=========================================================================
Advanced HDL Synthesis Report

Macro Statistics
# ROMs                                                 : 1
 4x27-bit ROM                                          : 1
# Adders/Subtractors                                   : 1
 27-bit subtractor                                     : 1
# Counters                                             : 2
 27-bit up counter                                     : 1
 8-bit up counter                                      : 1
# Comparators                                          : 1
 27-bit comparator greatequal                          : 1

=========================================================================

=========================================================================
*                         Low Level Synthesis                           *
=========================================================================

Optimizing unit <top> ...

Mapping all equations...
Building and optimizing final netlist ...
Found area constraint ratio of 100 (+ 5) on block top, actual ratio is 0.

Final Macro Processing ...

=========================================================================
Final Register Report

Macro Statistics
# Registers                                            : 35
 Flip-Flops                                            : 35

=========================================================================

=========================================================================
*                           Partition Report                            *
=========================================================================

Partition Implementation Status
-------------------------------

  No Partitions were found in this design.

-------------------------------

=========================================================================
*                            Final Report                               *
=========================================================================
Final Results
RTL Top Level Output File Name     : top.ngr
Top Level Output File Name         : top
Output Format                      : NGC
Optimization Goal                  : Speed
Keep Hierarchy                     : No

Design Statistics
# IOs                              : 11

Cell Usage :
# BELS                             : 152
#      GND                         : 1
#      INV                         : 4
#      LUT1                        : 35
#      LUT2                        : 8
#      LUT3                        : 11
#      LUT4                        : 1
#      MUXCY                       : 56
#      VCC                         : 1
#      XORCY                       : 35
# FlipFlops/Latches                : 35
#      FDE                         : 8
#      FDR                         : 27
# Clock Buffers                    : 1
#      BUFGP                       : 1
# IO Buffers                       : 10
#      IBUF                        : 2
#      OBUF                        : 8
=========================================================================

Device utilization summary:
---------------------------

Selected Device : 3s500efg320-4 

 Number of Slices:                       31  out of   4656     0%  
 Number of Slice Flip Flops:             35  out of   9312     0%  
 Number of 4 input LUTs:                 59  out of   9312     0%  
 Number of IOs:                          11
 Number of bonded IOBs:                  11  out of    232     4%  
 Number of GCLKs:                         1  out of     24     4%  

---------------------------
Partition Resource Summary:
---------------------------

  No Partitions were found in this design.

---------------------------


=========================================================================
TIMING REPORT

NOTE: THESE TIMING NUMBERS ARE ONLY A SYNTHESIS ESTIMATE.
      FOR ACCURATE TIMING INFORMATION PLEASE REFER TO THE TRACE REPORT
      GENERATED AFTER PLACE-and-ROUTE.

Clock Information:
------------------
-----------------------------------+------------------------+-------+
Clock Signal                       | Clock buffer(FF name)  | Load  |
-----------------------------------+------------------------+-------+
clk                                | BUFGP                  | 35    |
-----------------------------------+------------------------+-------+

Asynchronous Control Signals Information:
----------------------------------------
No asynchronous control signals found in this design

Timing Summary:
---------------
Speed Grade: -4

   Minimum period: 6.125ns (Maximum Frequency: 163.261MHz)
   Minimum input arrival time before clock: 8.503ns
   Maximum output required time after clock: 4.310ns
   Maximum combinational path delay: No path found

Timing Detail:
--------------
All values displayed in nanoseconds (ns)

=========================================================================
Timing constraint: Default period analysis for Clock 'clk'
  Clock period: 6.125ns (frequency: 163.261MHz)
  Total number of paths / destination ports: 2024 / 70
-------------------------------------------------------------------------
Delay:               6.125ns (Levels of Logic = 24)
  Source:            timer_0 (FF)
  Destination:       timer_0 (FF)
  Source Clock:      clk rising
  Destination Clock: clk rising

  Data Path: timer_0 to timer_0
                                Gate     Net
    Cell:in->out      fanout   Delay   Delay  Logical Name (Net Name)
    ----------------------------------------  ------------
     FDR:C->Q              2   0.591   0.622  timer_0 (timer_0)
     LUT4:I0->O            1   0.704   0.000  Mcompar_counter_int_cmp_ge0000_lut<0> (Mcompar_counter_int_cmp_ge0000_lut<0>)
     MUXCY:S->O            1   0.464   0.000  Mcompar_counter_int_cmp_ge0000_cy<0> (Mcompar_counter_int_cmp_ge0000_cy<0>)
     MUXCY:CI->O           1   0.059   0.000  Mcompar_counter_int_cmp_ge0000_cy<1> (Mcompar_counter_int_cmp_ge0000_cy<1>)
     MUXCY:CI->O           1   0.059   0.000  Mcompar_counter_int_cmp_ge0000_cy<2> (Mcompar_counter_int_cmp_ge0000_cy<2>)
     MUXCY:CI->O           1   0.059   0.000  Mcompar_counter_int_cmp_ge0000_cy<3> (Mcompar_counter_int_cmp_ge0000_cy<3>)
     MUXCY:CI->O           1   0.059   0.000  Mcompar_counter_int_cmp_ge0000_cy<4> (Mcompar_counter_int_cmp_ge0000_cy<4>)
     MUXCY:CI->O           1   0.059   0.000  Mcompar_counter_int_cmp_ge0000_cy<5> (Mcompar_counter_int_cmp_ge0000_cy<5>)
     MUXCY:CI->O           1   0.059   0.000  Mcompar_counter_int_cmp_ge0000_cy<6> (Mcompar_counter_int_cmp_ge0000_cy<6>)
     MUXCY:CI->O           1   0.059   0.000  Mcompar_counter_int_cmp_ge0000_cy<7> (Mcompar_counter_int_cmp_ge0000_cy<7>)
     MUXCY:CI->O           1   0.059   0.000  Mcompar_counter_int_cmp_ge0000_cy<8> (Mcompar_counter_int_cmp_ge0000_cy<8>)
     MUXCY:CI->O           1   0.059   0.000  Mcompar_counter_int_cmp_ge0000_cy<9> (Mcompar_counter_int_cmp_ge0000_cy<9>)
     MUXCY:CI->O           1   0.059   0.000  Mcompar_counter_int_cmp_ge0000_cy<10> (Mcompar_counter_int_cmp_ge0000_cy<10>)
     MUXCY:CI->O           1   0.059   0.000  Mcompar_counter_int_cmp_ge0000_cy<11> (Mcompar_counter_int_cmp_ge0000_cy<11>)
     MUXCY:CI->O           1   0.059   0.000  Mcompar_counter_int_cmp_ge0000_cy<12> (Mcompar_counter_int_cmp_ge0000_cy<12>)
     MUXCY:CI->O           1   0.059   0.000  Mcompar_counter_int_cmp_ge0000_cy<13> (Mcompar_counter_int_cmp_ge0000_cy<13>)
     MUXCY:CI->O           1   0.059   0.000  Mcompar_counter_int_cmp_ge0000_cy<14> (Mcompar_counter_int_cmp_ge0000_cy<14>)
     MUXCY:CI->O           1   0.059   0.000  Mcompar_counter_int_cmp_ge0000_cy<15> (Mcompar_counter_int_cmp_ge0000_cy<15>)
     MUXCY:CI->O           1   0.059   0.000  Mcompar_counter_int_cmp_ge0000_cy<16> (Mcompar_counter_int_cmp_ge0000_cy<16>)
     MUXCY:CI->O           1   0.059   0.000  Mcompar_counter_int_cmp_ge0000_cy<17> (Mcompar_counter_int_cmp_ge0000_cy<17>)
     MUXCY:CI->O           1   0.059   0.000  Mcompar_counter_int_cmp_ge0000_cy<18> (Mcompar_counter_int_cmp_ge0000_cy<18>)
     MUXCY:CI->O           1   0.059   0.000  Mcompar_counter_int_cmp_ge0000_cy<19> (Mcompar_counter_int_cmp_ge0000_cy<19>)
     MUXCY:CI->O           1   0.059   0.000  Mcompar_counter_int_cmp_ge0000_cy<20> (Mcompar_counter_int_cmp_ge0000_cy<20>)
     MUXCY:CI->O           1   0.059   0.000  Mcompar_counter_int_cmp_ge0000_cy<21> (Mcompar_counter_int_cmp_ge0000_cy<21>)
     MUXCY:CI->O          35   0.331   1.263  Mcompar_counter_int_cmp_ge0000_cy<22> (counter_int_cmp_ge0000)
     FDR:R                     0.911          timer_0
    ----------------------------------------
    Total                      6.125ns (4.240ns logic, 1.885ns route)
                                       (69.2% logic, 30.8% route)

=========================================================================
Timing constraint: Default OFFSET IN BEFORE for Clock 'clk'
  Total number of paths / destination ports: 1015 / 35
-------------------------------------------------------------------------
Offset:              8.503ns (Levels of Logic = 24)
  Source:            sw<0> (PAD)
  Destination:       timer_0 (FF)
  Destination Clock: clk rising

  Data Path: sw<0> to timer_0
                                Gate     Net
    Cell:in->out      fanout   Delay   Delay  Logical Name (Net Name)
    ----------------------------------------  ------------
     IBUF:I->O            15   1.218   1.192  sw_0_IBUF (Mrom_timerlim17)
     LUT2:I0->O            1   0.704   0.595  Mrom_timerlim141 (Mrom_timerlim14)
     LUT2:I0->O            1   0.704   0.000  Mcompar_counter_int_cmp_ge0000_lut<2> (Mcompar_counter_int_cmp_ge0000_lut<2>)
     MUXCY:S->O            1   0.464   0.000  Mcompar_counter_int_cmp_ge0000_cy<2> (Mcompar_counter_int_cmp_ge0000_cy<2>)
     MUXCY:CI->O           1   0.059   0.000  Mcompar_counter_int_cmp_ge0000_cy<3> (Mcompar_counter_int_cmp_ge0000_cy<3>)
     MUXCY:CI->O           1   0.059   0.000  Mcompar_counter_int_cmp_ge0000_cy<4> (Mcompar_counter_int_cmp_ge0000_cy<4>)
     MUXCY:CI->O           1   0.059   0.000  Mcompar_counter_int_cmp_ge0000_cy<5> (Mcompar_counter_int_cmp_ge0000_cy<5>)
     MUXCY:CI->O           1   0.059   0.000  Mcompar_counter_int_cmp_ge0000_cy<6> (Mcompar_counter_int_cmp_ge0000_cy<6>)
     MUXCY:CI->O           1   0.059   0.000  Mcompar_counter_int_cmp_ge0000_cy<7> (Mcompar_counter_int_cmp_ge0000_cy<7>)
     MUXCY:CI->O           1   0.059   0.000  Mcompar_counter_int_cmp_ge0000_cy<8> (Mcompar_counter_int_cmp_ge0000_cy<8>)
     MUXCY:CI->O           1   0.059   0.000  Mcompar_counter_int_cmp_ge0000_cy<9> (Mcompar_counter_int_cmp_ge0000_cy<9>)
     MUXCY:CI->O           1   0.059   0.000  Mcompar_counter_int_cmp_ge0000_cy<10> (Mcompar_counter_int_cmp_ge0000_cy<10>)
     MUXCY:CI->O           1   0.059   0.000  Mcompar_counter_int_cmp_ge0000_cy<11> (Mcompar_counter_int_cmp_ge0000_cy<11>)
     MUXCY:CI->O           1   0.059   0.000  Mcompar_counter_int_cmp_ge0000_cy<12> (Mcompar_counter_int_cmp_ge0000_cy<12>)
     MUXCY:CI->O           1   0.059   0.000  Mcompar_counter_int_cmp_ge0000_cy<13> (Mcompar_counter_int_cmp_ge0000_cy<13>)
     MUXCY:CI->O           1   0.059   0.000  Mcompar_counter_int_cmp_ge0000_cy<14> (Mcompar_counter_int_cmp_ge0000_cy<14>)
     MUXCY:CI->O           1   0.059   0.000  Mcompar_counter_int_cmp_ge0000_cy<15> (Mcompar_counter_int_cmp_ge0000_cy<15>)
     MUXCY:CI->O           1   0.059   0.000  Mcompar_counter_int_cmp_ge0000_cy<16> (Mcompar_counter_int_cmp_ge0000_cy<16>)
     MUXCY:CI->O           1   0.059   0.000  Mcompar_counter_int_cmp_ge0000_cy<17> (Mcompar_counter_int_cmp_ge0000_cy<17>)
     MUXCY:CI->O           1   0.059   0.000  Mcompar_counter_int_cmp_ge0000_cy<18> (Mcompar_counter_int_cmp_ge0000_cy<18>)
     MUXCY:CI->O           1   0.059   0.000  Mcompar_counter_int_cmp_ge0000_cy<19> (Mcompar_counter_int_cmp_ge0000_cy<19>)
     MUXCY:CI->O           1   0.059   0.000  Mcompar_counter_int_cmp_ge0000_cy<20> (Mcompar_counter_int_cmp_ge0000_cy<20>)
     MUXCY:CI->O           1   0.059   0.000  Mcompar_counter_int_cmp_ge0000_cy<21> (Mcompar_counter_int_cmp_ge0000_cy<21>)
     MUXCY:CI->O          35   0.331   1.263  Mcompar_counter_int_cmp_ge0000_cy<22> (counter_int_cmp_ge0000)
     FDR:R                     0.911          timer_0
    ----------------------------------------
    Total                      8.503ns (5.453ns logic, 3.050ns route)
                                       (64.1% logic, 35.9% route)

=========================================================================
Timing constraint: Default OFFSET OUT AFTER for Clock 'clk'
  Total number of paths / destination ports: 8 / 8
-------------------------------------------------------------------------
Offset:              4.310ns (Levels of Logic = 1)
  Source:            counter_int_7 (FF)
  Destination:       counter<7> (PAD)
  Source Clock:      clk rising

  Data Path: counter_int_7 to counter<7>
                                Gate     Net
    Cell:in->out      fanout   Delay   Delay  Logical Name (Net Name)
    ----------------------------------------  ------------
     FDE:C->Q              2   0.591   0.447  counter_int_7 (counter_int_7)
     OBUF:I->O                 3.272          counter_7_OBUF (counter<7>)
    ----------------------------------------
    Total                      4.310ns (3.863ns logic, 0.447ns route)
                                       (89.6% logic, 10.4% route)

=========================================================================


Total REAL time to Xst completion: 3.00 secs
Total CPU time to Xst completion: 2.66 secs
 
--> 

Total memory usage is 4514380 kilobytes

Number of errors   :    0 (   0 filtered)
Number of warnings :    0 (   0 filtered)
Number of infos    :    0 (   0 filtered)

