
****** PlanAhead v14.7 (64-bit)
  **** Build 321239 by xbuild on Fri Sep 27 19:29:51 MDT 2013
    ** Copyright 1986-1999, 2001-2013 Xilinx, Inc. All Rights Reserved.

INFO: [Common 17-78] Attempting to get a license: PlanAhead
INFO: [Common 17-290] Got license for PlanAhead
INFO: [Device 21-36] Loading parts and site information from C:/Xilinx/14.7/ISE_DS/PlanAhead/data/parts/arch.xml
Parsing RTL primitives file [C:/Xilinx/14.7/ISE_DS/PlanAhead/data/parts/xilinx/rtl/prims/rtl_prims.xml]
Finished parsing RTL primitives file [C:/Xilinx/14.7/ISE_DS/PlanAhead/data/parts/xilinx/rtl/prims/rtl_prims.xml]
start_gui
source C:/Users/Serefcan/Desktop/Seref/FPGA_Codes/LCDDisplay/pa.fromHdl.tcl
# create_project -name LCDDisplay -dir "C:/Users/Serefcan/Desktop/Seref/FPGA_Codes/LCDDisplay/planAhead_run_5" -part xc3s500efg320-4
# set_param project.pinAheadLayout yes
# set srcset [get_property srcset [current_run -impl]]
# set_property target_constrs_file "LCD.ucf" [current_fileset -constrset]
Adding file 'C:/Users/Serefcan/Desktop/Seref/FPGA_Codes/LCDDisplay/LCD.ucf' to fileset 'constrs_1'
# set hdlfile [add_files [list {LCD.vhd}]]
# set_property file_type VHDL $hdlfile
# set_property library work $hdlfile
# set_property top LCD $srcset
# add_files [list {LCD.ucf}] -fileset [get_property constrset [current_run]]
# open_rtl_design -part xc3s500efg320-4
Using Verific elaboration
Parsing VHDL file "C:/Xilinx/14.7/ISE_DS/PlanAhead/data/parts/xilinx/rtl/lib/synplify/synattr.vhd" into library synplify
Parsing VHDL file "C:/Xilinx/14.7/ISE_DS/PlanAhead/data/parts/xilinx/rtl/lib/synplify/synattr.vhd" into library synplify
Parsing VHDL file "C:/Users/Serefcan/Desktop/Seref/FPGA_Codes/LCDDisplay/LCD.vhd" into library work
INFO: [Designutils 20-910] Reading macro library C:/Xilinx/14.7/ISE_DS/PlanAhead/data\./parts/xilinx/spartan3e/spartan3e/hd_int_macros.edn
Parsing EDIF File [C:/Xilinx/14.7/ISE_DS/PlanAhead/data\./parts/xilinx/spartan3e/spartan3e/hd_int_macros.edn]
Finished Parsing EDIF File [C:/Xilinx/14.7/ISE_DS/PlanAhead/data\./parts/xilinx/spartan3e/spartan3e/hd_int_macros.edn]
Loading clock regions from C:/Xilinx/14.7/ISE_DS/PlanAhead/data\parts/xilinx/spartan3e/spartan3e/xc3s500e/ClockRegion.xml
Loading clock buffers from C:/Xilinx/14.7/ISE_DS/PlanAhead/data\parts/xilinx/spartan3e/spartan3e/xc3s500e/ClockBuffers.xml
Loading package from C:/Xilinx/14.7/ISE_DS/PlanAhead/data\parts/xilinx/spartan3e/spartan3e/xc3s500e/fg320/Package.xml
Loading io standards from C:/Xilinx/14.7/ISE_DS/PlanAhead/data\./parts/xilinx/spartan3e/IOStandards.xml
INFO: [Device 21-19] Loading pkg sso from C:/Xilinx/14.7/ISE_DS/PlanAhead/data\parts/xilinx/spartan3e/spartan3e/xc3s500e/fg320/SSORules.xml
Loading list of drcs for the architecture : C:/Xilinx/14.7/ISE_DS/PlanAhead/data\./parts/xilinx/spartan3e/spartan3e/drc.xml
INFO: [Timing 38-77] Reading timing library C:/Xilinx/14.7/ISE_DS/PlanAhead/data\parts/xilinx/spartan3e/spartan3e/spartan3e-4.lib.
INFO: [Timing 38-34] Done reading timing library C:/Xilinx/14.7/ISE_DS/PlanAhead/data\parts/xilinx/spartan3e/spartan3e/spartan3e-4.lib.
Parsing UCF File [C:/Users/Serefcan/Desktop/Seref/FPGA_Codes/LCDDisplay/LCD.ucf]
Finished Parsing UCF File [C:/Users/Serefcan/Desktop/Seref/FPGA_Codes/LCDDisplay/LCD.ucf]
INFO: [Project 1-111] Unisim Transformation Summary:
No Unisim elements were transformed.

Phase 0 | Netlist Checksum: 62b94a06
update_compile_order -fileset sim_1
startgroup
set_property package_pin C9 [get_ports clk]
endgroup
startgroup
set_property package_pin M18 [get_ports LCD_E]
endgroup
startgroup
set_property package_pin L18 [get_ports LCD_RS]
endgroup
startgroup
set_property package_pin L17 [get_ports LCD_RW]
endgroup
startgroup
set_property package_pin R15 [get_ports {SF_D[3]}]
endgroup
startgroup
set_property package_pin R16 [get_ports {SF_D[2]}]
endgroup
startgroup
set_property package_pin P17 [get_ports {SF_D[1]}]
endgroup
startgroup
set_property package_pin M15 [get_ports {SF_D[0]}]
endgroup
save_constraints
