#-----------------------------------------------------------
# PlanAhead v14.7 (64-bit)
# Build 321239 by xbuild on Fri Sep 27 19:29:51 MDT 2013
# Start of session at: Fri Jan 28 23:55:35 2022
# Process ID: 4500
# Log file: C:/Users/Serefcan/Desktop/Seref/FPGA_Codes/LCDDisplay/planAhead_run_4/planAhead.log
# Journal file: C:/Users/Serefcan/Desktop/Seref/FPGA_Codes/LCDDisplay/planAhead_run_4/planAhead.jou
#-----------------------------------------------------------
INFO: [Common 17-78] Attempting to get a license: PlanAhead
INFO: [Common 17-290] Got license for PlanAhead
INFO: [Device 21-36] Loading parts and site information from C:/Xilinx/14.7/ISE_DS/PlanAhead/data/parts/arch.xml
Parsing RTL primitives file [C:/Xilinx/14.7/ISE_DS/PlanAhead/data/parts/xilinx/rtl/prims/rtl_prims.xml]
Finished parsing RTL primitives file [C:/Xilinx/14.7/ISE_DS/PlanAhead/data/parts/xilinx/rtl/prims/rtl_prims.xml]
start_gui
source C:/Users/Serefcan/Desktop/Seref/FPGA_Codes/LCDDisplay/pa.fromHdl.tcl
# create_project -name LCDDisplay -dir "C:/Users/Serefcan/Desktop/Seref/FPGA_Codes/LCDDisplay/planAhead_run_4" -part xc3s500efg320-4
ERROR: [Common 17-53] User Exception: Project already exists on disk, please use '-force' option to overwrite: 
     C:/Users/Serefcan/Desktop/Seref/FPGA_Codes/LCDDisplay/planAhead_run_4/LCDDisplay.ppr
     C:/Users/Serefcan/Desktop/Seref/FPGA_Codes/LCDDisplay/planAhead_run_4/LCDDisplay.data

    while executing
"create_project -name LCDDisplay -dir "C:/Users/Serefcan/Desktop/Seref/FPGA_Codes/LCDDisplay/planAhead_run_4" -part xc3s500efg320-4"
    (file "C:/Users/Serefcan/Desktop/Seref/FPGA_Codes/LCDDisplay/pa.fromHdl.tcl" line 4)
exit
INFO: [Common 17-206] Exiting PlanAhead at Fri Jan 28 23:55:49 2022...
INFO: [Common 17-83] Releasing license: PlanAhead
