Command line:
   LCD_isim_beh.exe
     -simmode  gui
     -simrunnum  0
     -socket  63178

Fri Jan 28 14:15:52 2022


 Elaboration Time: 0.03125 sec

 Current Memory Usage: 5806.6 Meg

 Total Signals          : 23
 Total Nets             : 46
 Total Signal Drivers   : 21
 Total Blocks           : 4
 Total Primitive Blocks : 4
 Total Processes        : 5
 Total Traceable Variables  : 10
 Total Scalar Nets and Variables : 424
Total Line Count : 282

 Total Simulation Time: 0.515625 sec

 Current Memory Usage: 4705.6 Meg

Fri Jan 28 14:24:15 2022

